<?xml version="1.0" encoding="utf-8"?><testsuites name="pytest tests"><testsuite name="pytest" errors="0" failures="0" skipped="0" tests="27" time="7.161" timestamp="2026-08-28T21:07:02.133998+00:00" hostname="agent-env-0186b8e5-2827-42d6-b95b-5451e030deab"><testcase classname="tests.backend_test.TestSeed" name="test_root" time="0.417" /><testcase classname="tests.backend_test.TestSeed" name="test_default_categories_seeded" time="0.083" /><testcase classname="tests.backend_test.TestSeed" name="test_dashboard_initial_shape" time="0.093" /><testcase classname="tests.backend_test.TestAccountsAndBalance" name="test_create_account_updates_balance" time="0.273" /><testcase classname="tests.backend_test.TestTransactions" name="test_income_transaction" time="0.265" /><testcase classname="tests.backend_test.TestTransactions" name="test_expense_transaction" time="0.293" /><testcase classname="tests.backend_test.TestRecurring" name="test_recurring_generates_12_commitments" time="0.338" /><testcase classname="tests.backend_test.TestRecurring" name="test_delete_recurring_removes_unpaid_commitments" time="0.170" /><testcase classname="tests.backend_test.TestInstallments" name="test_installment_endpoint_creates_6_commitments_and_no_immediate_tx" time="0.525" /><testcase classname="tests.backend_test.TestInstallments" name="test_transaction_credit_installments_creates_commitments_no_immediate_tx" time="0.405" /><testcase classname="tests.backend_test.TestOverdue" name="test_manual_past_commitment_becomes_overdue" time="0.264" /><testcase classname="tests.backend_test.TestPayCommitment" name="test_pay_commitment_creates_expense_no_duplicate" time="0.597" /><testcase classname="tests.backend_test.TestSplit" name="test_person_create" time="0.085" /><testcase classname="tests.backend_test.TestSplit" name="test_split_expense_creates_receivable_and_only_my_share_expense" time="0.362" /><testcase classname="tests.backend_test.TestReceive" name="test_receive_creates_income_and_updates_status" time="0.432" /><testcase classname="tests.backend_test.TestLoans" name="test_loan_borrowed_creates_commitments_and_debt" time="0.347" /><testcase classname="tests.backend_test.TestLoans" name="test_loan_lent_creates_receivables" time="0.361" /><testcase classname="tests.backend_test.TestNeeds" name="test_need_and_realize" time="0.463" /><testcase classname="tests.backend_test.TestGoals" name="test_goal_and_contribute" time="0.178" /><testcase classname="tests.backend_test.TestChallenges" name="test_seed_challenge_and_toggle" time="0.289" /><testcase classname="tests.backend_test.TestPlanning" name="test_planning_returns_12_months" time="0.092" /><testcase classname="tests.backend_test.TestPossoComprar" name="test_posso_comprar" time="0.164" /><testcase classname="tests.backend_test.TestPossoComprar" name="test_posso_comprar_expensive_red" time="0.080" /><testcase classname="tests.backend_test.TestReports" name="test_reports_shape" time="0.079" /><testcase classname="tests.backend_test.TestBackup" name="test_export_has_all_collections" time="0.092" /><testcase classname="tests.backend_test.TestBackup" name="test_import_restores" time="0.099" /><testcase classname="tests.backend_test.TestBackup" name="test_reset_reseeds" time="0.185" /></testsuite></testsuites>