<?xml version="1.0" encoding="utf-8"?><testsuites name="pytest tests"><testsuite name="pytest" errors="0" failures="0" skipped="0" tests="15" time="27.879" timestamp="2026-08-28T21:35:55.270944+00:00" hostname="agent-env-0186b8e5-2827-42d6-b95b-5451e030deab"><testcase classname="tests.test_extras.TestAlerts" name="test_alerts_shape" time="0.609" /><testcase classname="tests.test_extras.TestSummary" name="test_current_month" time="0.055" /><testcase classname="tests.test_extras.TestSummary" name="test_specific_month" time="0.057" /><testcase classname="tests.test_extras.TestRates" name="test_rates_from_bcb" time="1.129" /><testcase classname="tests.test_extras.TestSimulate" name="test_simulate_basic_compound" time="0.062" /><testcase classname="tests.test_extras.TestSimulate" name="test_simulate_zero_rate" time="0.065" /><testcase classname="tests.test_extras.TestAnalyze" name="test_analyze_returns_text" time="21.582" /><testcase classname="tests.test_extras.TestLock" name="test_status_no_pin" time="0.069" /><testcase classname="tests.test_extras.TestLock" name="test_setup_pin" time="0.363" /><testcase classname="tests.test_extras.TestLock" name="test_status_after_setup" time="0.068" /><testcase classname="tests.test_extras.TestLock" name="test_unlock_wrong_then_correct" time="0.584" /><testcase classname="tests.test_extras.TestLock" name="test_rate_limit_after_5_wrong" time="1.540" /><testcase classname="tests.test_extras.TestLock" name="test_change_pin" time="0.785" /><testcase classname="tests.test_extras.TestLock" name="test_webauthn_register_options" time="0.145" /><testcase classname="tests.test_extras.TestLock" name="test_remove_pin" time="0.694" /></testsuite></testsuites>